Starting Autograder run at Sat Dec  7 14:48:35 EST 2024
----------------------------------------
Scheduling run...
  % Total    % Received % Xferd  Average Speed   Time    Time     Time  Current
                                 Dload  Upload   Total   Spent    Left  Speed
  0     0    0     0    0     0      0      0 --:--:-- --:--:-- --:--:--     0100   122  100    42  100    80    160    305 --:--:-- --:--:-- --:--:--   467
{"message":"Task scheduled successfully"}

Monitoring run progress...
----------------------------------------
Sat Dec  7 14:48:35 EST 2024: ["1","7"]
Sat Dec  7 14:48:41 EST 2024: ["1","7"]
Sat Dec  7 14:48:46 EST 2024: ["1","7"]
Sat Dec  7 14:48:51 EST 2024: ["1","7"]
Sat Dec  7 14:48:56 EST 2024: ["1","7"]
Sat Dec  7 14:49:01 EST 2024: ["1","7"]
Sat Dec  7 14:49:06 EST 2024: ["1","7"]
Sat Dec  7 14:49:11 EST 2024: ["1","7"]
Sat Dec  7 14:49:16 EST 2024: ["1","7"]
Sat Dec  7 14:49:21 EST 2024: ["1","7"]
Sat Dec  7 14:49:27 EST 2024: ["1","7"]
Sat Dec  7 14:49:32 EST 2024: ["1","7"]
Sat Dec  7 14:49:37 EST 2024: ["1","7"]
Sat Dec  7 14:49:42 EST 2024: ["1","7"]
Sat Dec  7 14:49:47 EST 2024: ["1","7"]
Sat Dec  7 14:49:52 EST 2024: ["1","7"]
Sat Dec  7 14:49:57 EST 2024: ["1"]

Run completed!
----------------------------------------

Fetching results...
----------------------------------------
{
    "Package Cost Test Group": {
        "Total": "1 / 3 (3 hidden)"
    },
    "Package Read Test Group": {
        "Get Package By ID Test Package 0": 0,
        "Get Package By ID Test Package 1": 0,
        "Get Package By ID Test Package 2": 0,
        "Get Package By ID Test Package 3": 0,
        "Get Package By ID Test Package 4": 0,
        "Get Package By ID Test Package 5": 0,
        "Get Package By ID Test Package 6": 0,
        "Get Package By Name Test Package 0": 0,
        "Get Package By Name Test Package 1": 0,
        "Get Package By Name Test Package 2": 0,
        "Get Package By Name Test Package 3": 0,
        "Get Package By Name Test Package 4": 0,
        "Get Package By Name Test Package 5": 0,
        "Get Package By Name Test Package 6": 0,
        "Invalid Package Read Test": 0,
        "Total": "0 / 15 "
    },
    "Rate packages Test Group": {
        "Get Package Rate Test Package 0": 0,
        "Get Package Rate Test Package 1": 0,
        "Get Package Rate Test Package 2": 0,
        "Get Package Rate Test Package 3": 0,
        "Get Package Rate Test Package 4": 0,
        "Get Package Rate Test Package 5": 0,
        "Get Package Rate Test Package 6": 0,
        "Total": "1 / 22 (1 hidden)"
    },
    "Regex Tests Group": {
        "Exact Match Name Regex Test": 0,
        "Extra Chars Name Regex Test": 0,
        "Random String Regex Test": 1,
        "Total": "1 / 6 (3 hidden)"
    },
    "Setup and Reset Test Group": {
        "Check No Packages after Reset": 0,
        "System Reset Test": 1,
        "System Tracks Test": 1,
        "Total": "2 / 5 "
    },
    "Total": "6 / 69 ",
    "Update Package Test Group": {
        "Total": "1 / 9 (9 hidden)"
    },
    "Upload Packages Test Group": {
        "Get Package Query Test": 0,
        "Total": "0 / 9 ",
        "Upload Content package 1 via Content": 0,
        "Upload Content package 2 via Content": 0,
        "Upload Content package 3 via Content": 0,
        "Upload Ingest package 1 via Ingest": 0,
        "Upload Ingest package 2 via Ingest": 0,
        "Upload Ingest package 3 via Ingest": 0,
        "Upload Ingest package 4 via Ingest": 0
    },
    "autgrader_run_log": "data/7/run/phase2/autograder_07-12-19-49.log",
    "end_time": "2024-12-07 19:49:51.249745",
    "run_time": "39.569878 seconds",
    "start_time": "2024-12-07 19:49:11.679867",
    "system_run_log": "data/7/run/phase2/autograder_07-12-19-49.sysout.log"
}

Parsing results...
