Starting Autograder run at Sat Dec  7 14:22:04 EST 2024
----------------------------------------
Scheduling run...
  % Total    % Received % Xferd  Average Speed   Time    Time     Time  Current
                                 Dload  Upload   Total   Spent    Left  Speed
  0     0    0     0    0     0      0      0 --:--:-- --:--:-- --:--:--     0100   122  100    42  100    80    159    303 --:--:-- --:--:-- --:--:--   463
{"message":"Task scheduled successfully"}

Monitoring run progress...
----------------------------------------
Sat Dec  7 14:22:04 EST 2024: ["1","2","23","7"]
Sat Dec  7 14:22:09 EST 2024: ["1","2","23","7"]
Sat Dec  7 14:22:14 EST 2024: ["1","2","23","7"]
Sat Dec  7 14:22:19 EST 2024: ["1","2","23","7"]
Sat Dec  7 14:22:24 EST 2024: ["1","2","23","7"]
Sat Dec  7 14:22:30 EST 2024: ["1","2","23","7"]
Sat Dec  7 14:22:35 EST 2024: ["1","2","23","7"]
Sat Dec  7 14:22:40 EST 2024: ["1","2","23","7"]
Sat Dec  7 14:22:45 EST 2024: ["1","2","23","7"]
Sat Dec  7 14:22:50 EST 2024: ["1","2","23","7"]
Sat Dec  7 14:22:55 EST 2024: ["1","2","23","7"]
Sat Dec  7 14:23:00 EST 2024: ["1","2","23","7"]
Sat Dec  7 14:23:05 EST 2024: ["1","2","23","7"]
Sat Dec  7 14:23:10 EST 2024: ["1","2","23","7"]
Sat Dec  7 14:23:16 EST 2024: ["1","2","23","7"]
Sat Dec  7 14:23:21 EST 2024: ["1","2","23","7"]
Sat Dec  7 14:23:26 EST 2024: ["1","2","7"]
Sat Dec  7 14:23:31 EST 2024: ["1","2","7"]
Sat Dec  7 14:23:36 EST 2024: ["1","2","7"]
Sat Dec  7 14:23:41 EST 2024: ["1","2","7"]
Sat Dec  7 14:23:46 EST 2024: ["1","7"]
Sat Dec  7 14:23:51 EST 2024: ["1","7"]
Sat Dec  7 14:23:56 EST 2024: ["1","7"]
Sat Dec  7 14:24:01 EST 2024: ["1"]

Run completed!
----------------------------------------

Fetching results...
----------------------------------------
{
    "Package Cost Test Group": {
        "Total": "2 / 3 (3 hidden)"
    },
    "Package Read Test Group": {
        "Get Package By ID Test Package 0": 1,
        "Get Package By ID Test Package 1": 1,
        "Get Package By ID Test Package 2": 0,
        "Get Package By ID Test Package 3": 1,
        "Get Package By ID Test Package 4": 1,
        "Get Package By ID Test Package 5": 1,
        "Get Package By ID Test Package 6": 1,
        "Get Package By Name Test Package 0": 0,
        "Get Package By Name Test Package 1": 0,
        "Get Package By Name Test Package 2": 0,
        "Get Package By Name Test Package 3": 0,
        "Get Package By Name Test Package 4": 0,
        "Get Package By Name Test Package 5": 0,
        "Get Package By Name Test Package 6": 0,
        "Invalid Package Read Test": 0,
        "Total": "6 / 15 "
    },
    "Rate packages Test Group": {
        "Get Package Rate Test Package 0": 1,
        "Get Package Rate Test Package 1": 2,
        "Get Package Rate Test Package 2": 0,
        "Get Package Rate Test Package 3": 3,
        "Get Package Rate Test Package 4": 2,
        "Get Package Rate Test Package 5": 3,
        "Get Package Rate Test Package 6": 2,
        "Total": "14 / 22 (1 hidden)"
    },
    "Regex Tests Group": {
        "Exact Match Name Regex Test": 0,
        "Extra Chars Name Regex Test": 0,
        "Random String Regex Test": 1,
        "Total": "1 / 6 (3 hidden)"
    },
    "Setup and Reset Test Group": {
        "Check No Packages after Reset": 0,
        "System Reset Test": 1,
        "System Tracks Test": 1,
        "Total": "2 / 5 "
    },
    "Total": "32 / 69 ",
    "Update Package Test Group": {
        "Total": "1 / 9 (9 hidden)"
    },
    "Upload Packages Test Group": {
        "Get Package Query Test": 0,
        "Total": "6 / 9 ",
        "Upload Content package 1 via Content": 1,
        "Upload Content package 2 via Content": 1,
        "Upload Content package 3 via Content": 0,
        "Upload Ingest package 1 via Ingest": 1,
        "Upload Ingest package 2 via Ingest": 1,
        "Upload Ingest package 3 via Ingest": 1,
        "Upload Ingest package 4 via Ingest": 1
    },
    "autgrader_run_log": "data/7/run/phase2/autograder_07-12-19-22.log",
    "end_time": "2024-12-07 19:23:58.795520",
    "run_time": "78.669159 seconds",
    "start_time": "2024-12-07 19:22:40.126361",
    "system_run_log": "data/7/run/phase2/autograder_07-12-19-22.sysout.log"
}

Parsing results...
