Starting Autograder run at Sat Dec  7 14:25:31 EST 2024
----------------------------------------
Scheduling run...
  % Total    % Received % Xferd  Average Speed   Time    Time     Time  Current
                                 Dload  Upload   Total   Spent    Left  Speed
  0     0    0     0    0     0      0      0 --:--:-- --:--:-- --:--:--     0100   113  100    33  100    80    103    250 --:--:-- --:--:-- --:--:--   353100   113  100    33  100    80    103    250 --:--:-- --:--:-- --:--:--   353
{"error":"Task already running"}

Monitoring run progress...
----------------------------------------
Sat Dec  7 14:25:32 EST 2024: ["1","7"]
Sat Dec  7 14:25:37 EST 2024: ["1","7"]
Sat Dec  7 14:25:42 EST 2024: ["1","7"]
Sat Dec  7 14:25:47 EST 2024: ["1","7"]
Sat Dec  7 14:25:52 EST 2024: ["1","7"]
Sat Dec  7 14:25:57 EST 2024: ["1","7"]
Sat Dec  7 14:26:03 EST 2024: ["1","7"]
Sat Dec  7 14:29:36 EST 2024: 

Run completed!
----------------------------------------

Fetching results...
----------------------------------------
{
    "Package Cost Test Group": {
        "Total": "2 / 3 (3 hidden)"
    },
    "Package Read Test Group": {
        "Get Package By ID Test Package 0": 1,
        "Get Package By ID Test Package 1": 1,
        "Get Package By ID Test Package 2": 0,
        "Get Package By ID Test Package 3": 1,
        "Get Package By ID Test Package 4": 1,
        "Get Package By ID Test Package 5": 1,
        "Get Package By ID Test Package 6": 1,
        "Get Package By Name Test Package 0": 0,
        "Get Package By Name Test Package 1": 0,
        "Get Package By Name Test Package 2": 0,
        "Get Package By Name Test Package 3": 0,
        "Get Package By Name Test Package 4": 0,
        "Get Package By Name Test Package 5": 0,
        "Get Package By Name Test Package 6": 0,
        "Invalid Package Read Test": 0,
        "Total": "6 / 15 "
    },
    "Rate packages Test Group": {
        "Get Package Rate Test Package 0": 1,
        "Get Package Rate Test Package 1": 2,
        "Get Package Rate Test Package 2": 0,
        "Get Package Rate Test Package 3": 3,
        "Get Package Rate Test Package 4": 2,
        "Get Package Rate Test Package 5": 3,
        "Get Package Rate Test Package 6": 2,
        "Total": "14 / 22 (1 hidden)"
    },
    "Regex Tests Group": {
        "Exact Match Name Regex Test": 0,
        "Extra Chars Name Regex Test": 0,
        "Random String Regex Test": 1,
        "Total": "1 / 6 (3 hidden)"
    },
    "Setup and Reset Test Group": {
        "Check No Packages after Reset": 0,
        "System Reset Test": 1,
        "System Tracks Test": 1,
        "Total": "2 / 5 "
    },
    "Total": "32 / 69 ",
    "Update Package Test Group": {
        "Total": "1 / 9 (9 hidden)"
    },
    "Upload Packages Test Group": {
        "Get Package Query Test": 0,
        "Total": "6 / 9 ",
        "Upload Content package 1 via Content": 1,
        "Upload Content package 2 via Content": 1,
        "Upload Content package 3 via Content": 0,
        "Upload Ingest package 1 via Ingest": 1,
        "Upload Ingest package 2 via Ingest": 1,
        "Upload Ingest package 3 via Ingest": 1,
        "Upload Ingest package 4 via Ingest": 1
    },
    "autgrader_run_log": "data/7/run/phase2/autograder_07-12-19-25.log",
    "end_time": "2024-12-07 19:26:33.387809",
    "run_time": "83.140404 seconds",
    "start_time": "2024-12-07 19:25:10.247405",
    "system_run_log": "data/7/run/phase2/autograder_07-12-19-25.sysout.log"
}

Parsing results...
